<?xml version="1.0" encoding="utf-8" standalone="no"?>
<!--This file represents the results of running a test suite-->
<test-results name="C:\development\learningProjects\custom-soap-webservices-.net\SoapWebservices\SoapWebServicesTest\bin\Debug\SoapWebServicesTest.dll" total="0" errors="0" failures="0" not-run="0" inconclusive="0" ignored="0" skipped="0" invalid="0" date="2010-11-03" time="21:45:33">
  <environment nunit-version="2.5.4.10098" clr-version="2.0.50727.3053" os-version="Microsoft Windows NT 5.1.2600 Service Pack 2" platform="Win32NT" cwd="C:\development\learningProjects\custom-soap-webservices-.net\SoapWebservices\SoapWebServicesTest\bin\Debug" machine-name="CAM-5B73438D3F9" user="Administrator" user-domain="CAM-5B73438D3F9" />
  <culture-info current-culture="en-US" current-uiculture="en-US" />
  <test-suite type="Assembly" name="C:\development\learningProjects\custom-soap-webservices-.net\SoapWebservices\SoapWebServicesTest\bin\Debug\SoapWebServicesTest.dll" executed="True" result="Inconclusive" success="False" time="0.000" asserts="0">
    <results>
      <test-suite type="Namespace" name="SoapWebServicesTest" executed="True" result="Inconclusive" success="False" time="0.000" asserts="0">
        <results>
          <test-suite type="TestFixture" name="Class1" executed="True" result="Inconclusive" success="False" time="0.000" asserts="0" />
        </results>
      </test-suite>
    </results>
  </test-suite>
</test-results>