<?xml version="1.0" encoding="utf-8" standalone="no"?>
<!--This file represents the results of running a test suite-->
<test-results name="C:\development\learningProjects\custom-soap-webservices-.net\SoapWebservices\SoapWebservicesTests\bin\Debug\SoapWebservicesTests.dll" total="1" failures="0" not-run="0" date="2010-11-04" time="20:54:40">
  <environment nunit-version="2.4.3.0" clr-version="2.0.50727.3053" os-version="Microsoft Windows NT 5.1.2600 Service Pack 2" platform="Win32NT" cwd="C:\development\learningProjects\custom-soap-webservices-.net\SoapWebservices\SoapWebservicesTests\bin\Debug" machine-name="CAM-5B73438D3F9" user="Administrator" user-domain="CAM-5B73438D3F9" />
  <culture-info current-culture="en-US" current-uiculture="en-US" />
  <test-suite name="C:\development\learningProjects\custom-soap-webservices-.net\SoapWebservices\SoapWebservicesTests\bin\Debug\SoapWebservicesTests.dll" success="True" time="0.328" asserts="0">
    <results>
      <test-suite name="SoapWebservicesTests" success="True" time="0.328" asserts="0">
        <results>
          <test-suite name="SoapWebservicesTests" success="True" time="0.313" asserts="0">
            <results>
              <test-case name="SoapWebservicesTests.SoapWebservicesTests.should_return_response" executed="True" success="True" time="0.297" asserts="1" />
            </results>
          </test-suite>
        </results>
      </test-suite>
    </results>
  </test-suite>
</test-results>